[2025-07-16 23:27:42] INFO: LDMR仿真系统启动
[2025-07-16 23:27:46] INFO: 开始多场景评估
[2025-07-16 23:27:46] INFO: 运行场景: testing
[2025-07-16 23:27:46] INFO: 开始基础LDMR仿真
[2025-07-16 23:27:46] INFO: 参数: globalstar, 8个地面站, 3.0Gbps, 150.0s
[2025-07-16 23:27:47] INFO: 构建网络拓扑...
[2025-07-16 23:27:47] INFO: 网络构建完成: {'total_nodes': 56, 'satellites': 48, 'ground_stations': 8, 'total_links': 112, 'average_degree': 4.0, 'is_connected': True}
[2025-07-16 23:27:47] INFO: 生成流量需求...
[2025-07-16 23:27:47] INFO: 流量生成完成: {'total_flows': 3156, 'elephant_flows': 48, 'mouse_flows': 3108, 'avg_bandwidth': np.float64(5.00081850665107), 'max_bandwidth': np.float64(104.46605612082237), 'min_bandwidth': np.float64(0.16312463984514683), 'avg_duration': np.float64(0.7781619539832995), 'total_traffic': 11.25853363349458, 'elephant_ratio': 0.015209125475285171}
[2025-07-16 23:27:47] INFO: 运行LDMR算法...
[2025-07-16 23:27:48] INFO: 验证路径不相交性...
[2025-07-16 23:27:48] INFO: 仿真完成 (耗时: 1.28s)
[2025-07-16 23:27:48] INFO: LDMR性能: 成功率=100.00%, 平均延迟=0.07ms
[2025-07-16 23:27:48] INFO: 场景 testing 完成: 成功率=100.00%
[2025-07-16 23:27:48] INFO: 运行场景: light_load
[2025-07-16 23:27:48] INFO: 开始基础LDMR仿真
[2025-07-16 23:27:48] INFO: 参数: globalstar, 10个地面站, 4.0Gbps, 150.0s
[2025-07-16 23:27:48] INFO: 构建网络拓扑...
[2025-07-16 23:27:48] INFO: 网络构建完成: {'total_nodes': 58, 'satellites': 48, 'ground_stations': 10, 'total_links': 116, 'average_degree': 4.0, 'is_connected': True}
[2025-07-16 23:27:48] INFO: 生成流量需求...
[2025-07-16 23:27:48] INFO: 流量生成完成: {'total_flows': 5078, 'elephant_flows': 51, 'mouse_flows': 5027, 'avg_bandwidth': np.float64(4.566213421598344), 'max_bandwidth': np.float64(91.26338841444894), 'min_bandwidth': np.float64(0.14460094908286406), 'avg_duration': np.float64(0.9160599199246743), 'total_traffic': 22.28730777059637, 'elephant_ratio': 0.010043324143363529}
[2025-07-16 23:27:48] INFO: 运行LDMR算法...
[2025-07-16 23:27:50] INFO: 验证路径不相交性...
[2025-07-16 23:27:50] INFO: 仿真完成 (耗时: 1.90s)
[2025-07-16 23:27:50] INFO: LDMR性能: 成功率=100.00%, 平均延迟=0.07ms
[2025-07-16 23:27:50] INFO: 场景 light_load 完成: 成功率=100.00%
[2025-07-16 23:27:50] INFO: 运行场景: heavy_load
[2025-07-16 23:27:50] INFO: 开始基础LDMR仿真
[2025-07-16 23:27:50] INFO: 参数: globalstar, 12个地面站, 8.0Gbps, 150.0s
[2025-07-16 23:27:50] INFO: 构建网络拓扑...
[2025-07-16 23:27:50] INFO: 网络构建完成: {'total_nodes': 60, 'satellites': 48, 'ground_stations': 12, 'total_links': 120, 'average_degree': 4.0, 'is_connected': True}
[2025-07-16 23:27:50] INFO: 生成流量需求...
[2025-07-16 23:27:50] INFO: 流量生成完成: {'total_flows': 7649, 'elephant_flows': 150, 'mouse_flows': 7499, 'avg_bandwidth': np.float64(6.560931430583845), 'max_bandwidth': np.float64(349.51158266865656), 'min_bandwidth': np.float64(0.06497258846858524), 'avg_duration': np.float64(0.7772263373295365), 'total_traffic': 41.882507545221316, 'elephant_ratio': 0.019610406589096616}
[2025-07-16 23:27:50] INFO: 运行LDMR算法...
[2025-07-16 23:27:53] INFO: 验证路径不相交性...
[2025-07-16 23:27:53] INFO: 仿真完成 (耗时: 3.01s)
[2025-07-16 23:27:53] INFO: LDMR性能: 成功率=100.00%, 平均延迟=0.07ms
[2025-07-16 23:27:53] INFO: 场景 heavy_load 完成: 成功率=100.00%
[2025-07-16 23:27:53] INFO: 运行场景: performance
[2025-07-16 23:27:53] INFO: 开始基础LDMR仿真
[2025-07-16 23:27:53] INFO: 参数: iridium, 10个地面站, 6.0Gbps, 150.0s
[2025-07-16 23:27:53] INFO: 构建网络拓扑...
[2025-07-16 23:27:53] INFO: 网络构建完成: {'total_nodes': 76, 'satellites': 66, 'ground_stations': 10, 'total_links': 152, 'average_degree': 4.0, 'is_connected': True}
[2025-07-16 23:27:53] INFO: 生成流量需求...
[2025-07-16 23:27:53] INFO: 流量生成完成: {'total_flows': 5038, 'elephant_flows': 80, 'mouse_flows': 4958, 'avg_bandwidth': np.float64(7.34420851279125), 'max_bandwidth': np.float64(136.58295632629506), 'min_bandwidth': np.float64(0.21284905245794516), 'avg_duration': np.float64(0.8800510678776005), 'total_traffic': 33.35347904409848, 'elephant_ratio': 0.015879317189360857}
[2025-07-16 23:27:53] INFO: 运行LDMR算法...
[2025-07-16 23:27:55] INFO: 验证路径不相交性...
[2025-07-16 23:27:55] INFO: 仿真完成 (耗时: 2.59s)
[2025-07-16 23:27:55] INFO: LDMR性能: 成功率=100.00%, 平均延迟=0.06ms
[2025-07-16 23:27:55] INFO: 场景 performance 完成: 成功率=100.00%
[2025-07-16 23:27:55] INFO: 多场景评估完成
[2025-07-16 23:27:55] INFO: 结果已保存到: results/data/multi_scenario_20250716_232742.json
[2025-07-16 23:28:24] INFO: 开始参数敏感性分析: r3 = [30, 40, 50, 60, 70]
[2025-07-16 23:28:24] INFO: 测试 r3 = 30
[2025-07-16 23:28:25] INFO:   结果: 成功率=100.00%, 延迟=0.07ms
[2025-07-16 23:28:25] INFO: 测试 r3 = 40
[2025-07-16 23:28:26] INFO:   结果: 成功率=100.00%, 延迟=0.07ms
[2025-07-16 23:28:26] INFO: 测试 r3 = 50
[2025-07-16 23:28:27] INFO:   结果: 成功率=100.00%, 延迟=0.07ms
[2025-07-16 23:28:27] INFO: 测试 r3 = 60
[2025-07-16 23:28:28] INFO:   结果: 成功率=100.00%, 延迟=0.07ms
[2025-07-16 23:28:28] INFO: 测试 r3 = 70
[2025-07-16 23:28:29] INFO:   结果: 成功率=100.00%, 延迟=0.08ms
[2025-07-16 23:28:29] INFO: 最优参数: r3 = 30 (成功率: 100.00%)
[2025-07-16 23:28:29] INFO: 结果已保存到: results/data/param_analysis_r3_20250716_232742.json
[2025-07-16 23:28:45] INFO: 开始参数敏感性分析: K = [2, 3, 4]
[2025-07-16 23:28:45] INFO: 测试 K = 2
[2025-07-16 23:28:46] INFO:   结果: 成功率=100.00%, 延迟=0.07ms
[2025-07-16 23:28:46] INFO: 测试 K = 3
[2025-07-16 23:28:48] INFO:   结果: 成功率=100.00%, 延迟=0.07ms
[2025-07-16 23:28:48] INFO: 测试 K = 4
[2025-07-16 23:28:49] INFO:   结果: 成功率=100.00%, 延迟=0.07ms
[2025-07-16 23:28:49] INFO: 最优参数: K = 2 (成功率: 100.00%)
[2025-07-16 23:28:49] INFO: 结果已保存到: results/data/param_analysis_K_20250716_232742.json
[2025-07-16 23:28:59] INFO: 用户退出程序
[2025-07-16 23:28:59] INFO: 程序结束
